<?xml version="1.0" encoding="UTF-8"?>
<testng-results skipped="0" failed="0" ignored="0" total="1" passed="1">
  <reporter-output>
  </reporter-output>
  <suite name="Suite" duration-ms="5296" started-at="2019-12-24T00:39:25 IST" finished-at="2019-12-24T00:39:31 IST">
    <groups>
    </groups>
    <test name="Test" duration-ms="5296" started-at="2019-12-24T00:39:25 IST" finished-at="2019-12-24T00:39:31 IST">
      <class name="payeezy.PostCreditCardReq">
        <test-method status="PASS" signature="GetData()[pri:0, instance:payeezy.PostCreditCardReq@5cb9f472]" name="GetData" is-config="true" duration-ms="19" started-at="2019-12-24T00:39:25 IST" finished-at="2019-12-24T00:39:25 IST">
          <reporter-output>
          </reporter-output>
        </test-method> <!-- GetData -->
        <test-method status="PASS" signature="PostCreditCardReq()[pri:0, instance:payeezy.PostCreditCardReq@5cb9f472]" name="PostCreditCardReq" duration-ms="5240" started-at="2019-12-24T00:39:25 IST" finished-at="2019-12-24T00:39:31 IST">
          <reporter-output>
          </reporter-output>
        </test-method> <!-- PostCreditCardReq -->
      </class> <!-- payeezy.PostCreditCardReq -->
    </test> <!-- Test -->
  </suite> <!-- Suite -->
</testng-results>
