<?xml version="1.0" encoding="UTF-8"?>
<testng-results skipped="0" failed="0" ignored="0" total="1" passed="1">
  <reporter-output>
  </reporter-output>
  <suite name="Default suite" duration-ms="5564" started-at="2019-12-23T23:12:52 IST" finished-at="2019-12-23T23:12:57 IST">
    <groups>
    </groups>
    <test name="Default test" duration-ms="5564" started-at="2019-12-23T23:12:52 IST" finished-at="2019-12-23T23:12:57 IST">
      <class name="payeezy.PostCreditCardReq">
        <test-method status="PASS" signature="GetData()[pri:0, instance:payeezy.PostCreditCardReq@1f554b06]" name="GetData" is-config="true" duration-ms="24" started-at="2019-12-23T23:12:52 IST" finished-at="2019-12-23T23:12:52 IST">
          <reporter-output>
          </reporter-output>
        </test-method> <!-- GetData -->
        <test-method status="PASS" signature="PostCreditCardReq()[pri:0, instance:payeezy.PostCreditCardReq@1f554b06]" name="PostCreditCardReq" duration-ms="5468" started-at="2019-12-23T23:12:52 IST" finished-at="2019-12-23T23:12:57 IST">
          <reporter-output>
          </reporter-output>
        </test-method> <!-- PostCreditCardReq -->
      </class> <!-- payeezy.PostCreditCardReq -->
    </test> <!-- Default test -->
  </suite> <!-- Default suite -->
</testng-results>
